Using pre-set license
Built from '2020.3/staging' branch; Version is '2020.3.16f1 (049d6eca3c44) revision 302446'; Using compiler version '192528614'; Build Type 'Release'
OS: 'Windows 10 Pro; OS build 19043.1415; Version 2009; 64bit' Language: 'zh' Physical Memory: 32608 MB
BatchMode: 1, IsHumanControllingUs: 0, StartBugReporterOnCrash: 0, Is64bit: 1, IsPro: 0

 COMMAND LINE ARGUMENTS:
C:\Program Files\Unity\Hub\Editor\2020.3.16f1\Editor\Unity.exe
-adb2
-batchMode
-noUpm
-name
AssetImportWorker0
-projectPath
C:/Users/user/Desktop/Google_VR/VR_GoogleVR
-logFile
Logs/AssetImportWorker0.log
-srvPort
54606
Successfully changed project path to: C:/Users/user/Desktop/Google_VR/VR_GoogleVR
C:/Users/user/Desktop/Google_VR/VR_GoogleVR
Using Asset Import Pipeline V2.
Refreshing native plugins compatible for Editor in 27.38 ms, found 2 plugins.
Preloading 0 native plugins for Editor in 0.00 ms.
Initialize engine version: 2020.3.16f1 (049d6eca3c44)
[Subsystems] Discovering subsystems at path C:/Program Files/Unity/Hub/Editor/2020.3.16f1/Editor/Data/Resources/UnitySubsystems
[Subsystems] Discovering subsystems at path C:/Users/user/Desktop/Google_VR/VR_GoogleVR/Assets
GfxDevice: creating device client; threaded=0
Direct3D:
    Version:  Direct3D 11.0 [level 11.1]
    Renderer: Intel(R) UHD Graphics 630 (ID=0x9bc5)
    Vendor:   
    VRAM:     16304 MB
    Driver:   27.20.100.8681
Initialize mono
Mono path[0] = 'C:/Program Files/Unity/Hub/Editor/2020.3.16f1/Editor/Data/Managed'
Mono path[1] = 'C:/Program Files/Unity/Hub/Editor/2020.3.16f1/Editor/Data/MonoBleedingEdge/lib/mono/unityjit'
Mono config path = 'C:/Program Files/Unity/Hub/Editor/2020.3.16f1/Editor/Data/MonoBleedingEdge/etc'
Using monoOptions --debugger-agent=transport=dt_socket,embedding=1,server=y,suspend=n,address=127.0.0.1:56188
Begin MonoManager ReloadAssembly
Registering precompiled unity dll's ...
Register platform support module: C:/Program Files/Unity/Hub/Editor/2020.3.16f1/Editor/Data/PlaybackEngines/WindowsStandaloneSupport/UnityEditor.WindowsStandalone.Extensions.dll
Registered in 0.001355 seconds.
Native extension for WindowsStandalone target not found
Refreshing native plugins compatible for Editor in 24.91 ms, found 2 plugins.
Preloading 0 native plugins for Editor in 0.00 ms.
Mono: successfully reloaded assembly
- Completed reload, in  1.693 seconds
Domain Reload Profiling:
	ReloadAssembly (1693ms)
		BeginReloadAssembly (43ms)
			ExecutionOrderSort (0ms)
			DisableScriptedObjects (0ms)
			BackupInstance (0ms)
			ReleaseScriptingObjects (0ms)
			CreateAndSetChildDomain (1ms)
		EndReloadAssembly (356ms)
			LoadAssemblies (41ms)
			RebuildTransferFunctionScriptingTraits (0ms)
			SetupTypeCache (127ms)
			ReleaseScriptCaches (0ms)
			RebuildScriptCaches (30ms)
			SetupLoadedEditorAssemblies (135ms)
				LogAssemblyErrors (0ms)
				InitializePlatformSupportModulesInManaged (4ms)
				SetLoadedEditorAssemblies (0ms)
				RefreshPlugins (25ms)
				BeforeProcessingInitializeOnLoad (15ms)
				ProcessInitializeOnLoadAttributes (67ms)
				ProcessInitializeOnLoadMethodAttributes (24ms)
				AfterProcessingInitializeOnLoad (0ms)
				EditorAssembliesLoaded (0ms)
			ExecutionOrderSort2 (0ms)
			AwakeInstancesAfterBackupRestoration (0ms)
Platform modules already initialized, skipping
Registering precompiled user dll's ...
Registered in 0.002483 seconds.
Begin MonoManager ReloadAssembly
Native extension for WindowsStandalone target not found
Refreshing native plugins compatible for Editor in 0.32 ms, found 2 plugins.
Preloading 0 native plugins for Editor in 0.00 ms.
Mono: successfully reloaded assembly
- Completed reload, in  0.966 seconds
Domain Reload Profiling:
	ReloadAssembly (967ms)
		BeginReloadAssembly (122ms)
			ExecutionOrderSort (0ms)
			DisableScriptedObjects (6ms)
			BackupInstance (0ms)
			ReleaseScriptingObjects (0ms)
			CreateAndSetChildDomain (17ms)
		EndReloadAssembly (792ms)
			LoadAssemblies (73ms)
			RebuildTransferFunctionScriptingTraits (0ms)
			SetupTypeCache (229ms)
			ReleaseScriptCaches (0ms)
			RebuildScriptCaches (42ms)
			SetupLoadedEditorAssemblies (360ms)
				LogAssemblyErrors (0ms)
				InitializePlatformSupportModulesInManaged (4ms)
				SetLoadedEditorAssemblies (0ms)
				RefreshPlugins (0ms)
				BeforeProcessingInitializeOnLoad (76ms)
				ProcessInitializeOnLoadAttributes (271ms)
				ProcessInitializeOnLoadMethodAttributes (4ms)
				AfterProcessingInitializeOnLoad (4ms)
				EditorAssembliesLoaded (0ms)
			ExecutionOrderSort2 (0ms)
			AwakeInstancesAfterBackupRestoration (6ms)
Platform modules already initialized, skipping
========================================================================
Worker process is ready to serve import requests
Launched and connected shader compiler UnityShaderCompiler.exe after 0.06 seconds
Refreshing native plugins compatible for Editor in 0.33 ms, found 2 plugins.
Preloading 0 native plugins for Editor in 0.00 ms.
Unloading 1489 Unused Serialized files (Serialized files now loaded: 0)
System memory in use before: 68.1 MB.
System memory in use after: 68.2 MB.

Unloading 19 unused Assets to reduce memory usage. Loaded Objects now: 1925.
Total: 2.836800 ms (FindLiveObjects: 0.191700 ms CreateObjectMapping: 0.059900 ms MarkObjects: 2.517900 ms  DeleteObjects: 0.066200 ms)

AssetImportParameters requested are different than current active one (requested -> active):
  custom:framework-win-MediaFoundation: 216162199b28c13a410421893ffa2e32 -> 
  custom:video-decoder-ogg-theora: a1e56fd34408186e4bbccfd4996cb3dc -> 
  custom:container-muxer-webm: aa71ff27fc2769a1b78a27578f13a17b -> 
  custom:container-demuxer-webm: 4f35f7cbe854078d1ac9338744f61a02 -> 
  custom:container-demuxer-ogg: 62fdf1f143b41e24485cea50d1cbac27 -> 
  custom:video-encoder-webm-vp8: eb34c28f22e8b96e1ab97ce403110664 -> 
  custom:video-decoder-webm-vp8: 9c59270c3fd7afecdb556c50c9e8de78 -> 
  custom:audio-decoder-ogg-vorbis: bf7c407c2cedff20999df2af8eb42d56 -> 
  custom:audio-encoder-webm-vorbis: bf7c407c2cedff20999df2af8eb42d56 -> 
========================================================================
Received Import Request.
  path: Assets/Script/CountdownAndDoSomething.cs
  artifactKey: Guid(54b4bbf7458fd0a43a3d3058d7a2f2de) Importer(815301076,1909f56bfc062723c751e8b465ee728b)
Start importing Assets/Script/CountdownAndDoSomething.cs using Guid(54b4bbf7458fd0a43a3d3058d7a2f2de) Importer(815301076,1909f56bfc062723c751e8b465ee728b)  -> (artifact id: '420c1feda17e0cf8b0535d7aaa3ba201') in 0.025206 seconds 
  Import took 0.027236 seconds .

========================================================================
Received Import Request.
  Time since last request: 79.606192 seconds.
  path: Assets/Script/CountdownAndDoSomething.cs
  artifactKey: Guid(54b4bbf7458fd0a43a3d3058d7a2f2de) Importer(815301076,1909f56bfc062723c751e8b465ee728b)
Start importing Assets/Script/CountdownAndDoSomething.cs using Guid(54b4bbf7458fd0a43a3d3058d7a2f2de) Importer(815301076,1909f56bfc062723c751e8b465ee728b)  -> (artifact id: '903cbaa4fc65067a2b66ae7be15146d4') in 0.006249 seconds 
  Import took 0.008555 seconds .

========================================================================
Received Prepare
Registering precompiled user dll's ...
Registered in 0.002550 seconds.
Begin MonoManager ReloadAssembly
Native extension for WindowsStandalone target not found
Refreshing native plugins compatible for Editor in 0.37 ms, found 2 plugins.
Preloading 0 native plugins for Editor in 0.00 ms.
Mono: successfully reloaded assembly
- Completed reload, in  1.072 seconds
Domain Reload Profiling:
	ReloadAssembly (1073ms)
		BeginReloadAssembly (95ms)
			ExecutionOrderSort (0ms)
			DisableScriptedObjects (5ms)
			BackupInstance (0ms)
			ReleaseScriptingObjects (0ms)
			CreateAndSetChildDomain (31ms)
		EndReloadAssembly (925ms)
			LoadAssemblies (71ms)
			RebuildTransferFunctionScriptingTraits (0ms)
			SetupTypeCache (235ms)
			ReleaseScriptCaches (1ms)
			RebuildScriptCaches (40ms)
			SetupLoadedEditorAssemblies (483ms)
				LogAssemblyErrors (0ms)
				InitializePlatformSupportModulesInManaged (6ms)
				SetLoadedEditorAssemblies (0ms)
				RefreshPlugins (0ms)
				BeforeProcessingInitializeOnLoad (96ms)
				ProcessInitializeOnLoadAttributes (372ms)
				ProcessInitializeOnLoadMethodAttributes (4ms)
				AfterProcessingInitializeOnLoad (5ms)
				EditorAssembliesLoaded (1ms)
			ExecutionOrderSort2 (0ms)
			AwakeInstancesAfterBackupRestoration (8ms)
Platform modules already initialized, skipping
Refreshing native plugins compatible for Editor in 0.34 ms, found 2 plugins.
Preloading 0 native plugins for Editor in 0.00 ms.
Unloading 1479 Unused Serialized files (Serialized files now loaded: 0)
System memory in use before: 67.7 MB.
System memory in use after: 67.8 MB.

Unloading 14 unused Assets to reduce memory usage. Loaded Objects now: 1928.
Total: 3.050500 ms (FindLiveObjects: 0.159900 ms CreateObjectMapping: 0.058900 ms MarkObjects: 2.809000 ms  DeleteObjects: 0.021300 ms)

AssetImportParameters requested are different than current active one (requested -> active):
  custom:framework-win-MediaFoundation: 216162199b28c13a410421893ffa2e32 -> 
  custom:video-decoder-ogg-theora: a1e56fd34408186e4bbccfd4996cb3dc -> 
  custom:container-muxer-webm: aa71ff27fc2769a1b78a27578f13a17b -> 
  custom:container-demuxer-webm: 4f35f7cbe854078d1ac9338744f61a02 -> 
  custom:container-demuxer-ogg: 62fdf1f143b41e24485cea50d1cbac27 -> 
  custom:video-encoder-webm-vp8: eb34c28f22e8b96e1ab97ce403110664 -> 
  custom:video-decoder-webm-vp8: 9c59270c3fd7afecdb556c50c9e8de78 -> 
  custom:audio-decoder-ogg-vorbis: bf7c407c2cedff20999df2af8eb42d56 -> 
  custom:audio-encoder-webm-vorbis: bf7c407c2cedff20999df2af8eb42d56 -> 
========================================================================
Received Import Request.
  Time since last request: 70.218670 seconds.
  path: Assets/Script/CountdownAndDoSomething.cs
  artifactKey: Guid(54b4bbf7458fd0a43a3d3058d7a2f2de) Importer(815301076,1909f56bfc062723c751e8b465ee728b)
Start importing Assets/Script/CountdownAndDoSomething.cs using Guid(54b4bbf7458fd0a43a3d3058d7a2f2de) Importer(815301076,1909f56bfc062723c751e8b465ee728b)  -> (artifact id: 'e2d50770bbbe8f6b039bf89db6f7f68a') in 0.005862 seconds 
  Import took 0.009686 seconds .

========================================================================
Received Import Request.
  Time since last request: 0.028567 seconds.
  path: Assets/Script/CountdownAndDoSomething.cs
  artifactKey: Guid(54b4bbf7458fd0a43a3d3058d7a2f2de) Importer(815301076,1909f56bfc062723c751e8b465ee728b)
Start importing Assets/Script/CountdownAndDoSomething.cs using Guid(54b4bbf7458fd0a43a3d3058d7a2f2de) Importer(815301076,1909f56bfc062723c751e8b465ee728b)  -> (artifact id: 'e2d50770bbbe8f6b039bf89db6f7f68a') in 0.002146 seconds 
  Import took 0.005626 seconds .

========================================================================
Received Import Request.
  Time since last request: 5.889050 seconds.
  path: Assets/Script/CountdownAndDoSomething.cs
  artifactKey: Guid(54b4bbf7458fd0a43a3d3058d7a2f2de) Importer(815301076,1909f56bfc062723c751e8b465ee728b)
Start importing Assets/Script/CountdownAndDoSomething.cs using Guid(54b4bbf7458fd0a43a3d3058d7a2f2de) Importer(815301076,1909f56bfc062723c751e8b465ee728b)  -> (artifact id: '5b6cb84059704c1c8b0076f1e3244229') in 0.002837 seconds 
  Import took 0.005242 seconds .

========================================================================
Received Import Request.
  Time since last request: 3.842340 seconds.
  path: Assets/Script/GM.cs
  artifactKey: Guid(6ce4e171dad7fcd45bf5471a49249f9b) Importer(815301076,1909f56bfc062723c751e8b465ee728b)
Start importing Assets/Script/GM.cs using Guid(6ce4e171dad7fcd45bf5471a49249f9b) Importer(815301076,1909f56bfc062723c751e8b465ee728b)  -> (artifact id: 'c684a423b5f0684c91865b19e44f911d') in 0.007450 seconds 
  Import took 0.009589 seconds .

========================================================================
Received Import Request.
  Time since last request: 6.932301 seconds.
  path: Assets/Script/VRInerationObject.cs
  artifactKey: Guid(cefb1a72fe6757c4094a10e0870066f1) Importer(815301076,1909f56bfc062723c751e8b465ee728b)
Start importing Assets/Script/VRInerationObject.cs using Guid(cefb1a72fe6757c4094a10e0870066f1) Importer(815301076,1909f56bfc062723c751e8b465ee728b)  -> (artifact id: 'ba95209921a82469fe87c002737d8ca5') in 0.005207 seconds 
  Import took 0.007652 seconds .

AssetImportWorkerClient::OnTransportError - code=2 error=End of file
